# JRE version: OpenJDK Runtime Environment (11.0.10) (build 11.0.10+0-b96-7249189)
# Java VM: OpenJDK 64-Bit Server VM (11.0.10+0-b96-7249189, mixed mode, tiered, compressed oops, g1 gc, windows-amd64)
Heap:
 garbage-first heap   total 315392K, used 73835K [0x0000000080000000, 0x0000000100000000)
  region size 1024K, 15 young (15360K), 15 survivors (15360K)
 Metaspace       used 80334K, capacity 82511K, committed 82688K, reserved 1120256K
  class space    used 10405K, capacity 11190K, committed 11264K, reserved 1048576K
GC Heap History (20 events):
Event: 11.056 GC heap after
{Heap after GC invocations=2 (full 0):
 garbage-first heap   total 262144K, used 16772K [0x0000000080000000, 0x0000000100000000)
  region size 1024K, 11 young (11264K), 11 survivors (11264K)
 Metaspace       used 20602K, capacity 21104K, committed 21248K, reserved 1067008K
  class space    used 2508K, capacity 2690K, committed 2816K, reserved 1048576K
}
Event: 11.469 GC heap before
{Heap before GC invocations=3 (full 0):
 garbage-first heap   total 262144K, used 25988K [0x0000000080000000, 0x0000000100000000)
  region size 1024K, 20 young (20480K), 11 survivors (11264K)
 Metaspace       used 21675K, capacity 22319K, committed 22400K, reserved 1069056K
  class space    used 2711K, capacity 2906K, committed 2944K, reserved 1048576K
}
Event: 11.494 GC heap after
{Heap after GC invocations=4 (full 0):
 garbage-first heap   total 262144K, used 17207K [0x0000000080000000, 0x0000000100000000)
  region size 1024K, 1 young (1024K), 1 survivors (1024K)
 Metaspace       used 21675K, capacity 22319K, committed 22400K, reserved 1069056K
  class space    used 2711K, capacity 2906K, committed 2944K, reserved 1048576K
}
Event: 13.676 GC heap before
{Heap before GC invocations=4 (full 0):
 garbage-first heap   total 262144K, used 76599K [0x0000000080000000, 0x0000000100000000)
  region size 1024K, 59 young (60416K), 1 survivors (1024K)
 Metaspace       used 26848K, capacity 27591K, committed 27648K, reserved 1073152K
  class space    used 3543K, capacity 3795K, committed 3840K, reserved 1048576K
}
Event: 13.688 GC heap after
{Heap after GC invocations=5 (full 0):
 garbage-first heap   total 262144K, used 18774K [0x0000000080000000, 0x0000000100000000)
  region size 1024K, 3 young (3072K), 3 survivors (3072K)
 Metaspace       used 26848K, capacity 27591K, committed 27648K, reserved 1073152K
  class space    used 3543K, capacity 3795K, committed 3840K, reserved 1048576K
}
Event: 18.554 GC heap before
{Heap before GC invocations=5 (full 0):
 garbage-first heap   total 262144K, used 61782K [0x0000000080000000, 0x0000000100000000)
  region size 1024K, 47 young (48128K), 3 survivors (3072K)
 Metaspace       used 35036K, capacity 35807K, committed 35840K, reserved 1081344K
  class space    used 4533K, capacity 4832K, committed 4864K, reserved 1048576K
}
Event: 18.585 GC heap after
{Heap after GC invocations=6 (full 0):
 garbage-first heap   total 262144K, used 22259K [0x0000000080000000, 0x0000000100000000)
  region size 1024K, 6 young (6144K), 6 survivors (6144K)
 Metaspace       used 35036K, capacity 35807K, committed 35840K, reserved 1081344K
  class space    used 4533K, capacity 4832K, committed 4864K, reserved 1048576K
}
Event: 23.603 GC heap before
{Heap before GC invocations=7 (full 0):
 garbage-first heap   total 262144K, used 121587K [0x0000000080000000, 0x0000000100000000)
  region size 1024K, 100 young (102400K), 6 survivors (6144K)
 Metaspace       used 43347K, capacity 44379K, committed 44544K, reserved 1087488K
  class space    used 5521K, capacity 5887K, committed 5888K, reserved 1048576K
}
Event: 23.637 GC heap after
{Heap after GC invocations=8 (full 0):
 garbage-first heap   total 262144K, used 28074K [0x0000000080000000, 0x0000000100000000)
  region size 1024K, 12 young (12288K), 12 survivors (12288K)
 Metaspace       used 43347K, capacity 44379K, committed 44544K, reserved 1087488K
  class space    used 5521K, capacity 5887K, committed 5888K, reserved 1048576K
}
Event: 29.328 GC heap before
{Heap before GC invocations=8 (full 0):
 garbage-first heap   total 262144K, used 140714K [0x0000000080000000, 0x0000000100000000)
  region size 1024K, 119 young (121856K), 12 survivors (12288K)
 Metaspace       used 51624K, capacity 53015K, committed 53120K, reserved 1095680K
  class space    used 6563K, capacity 7024K, committed 7040K, reserved 1048576K
}
Event: 29.407 GC heap after
{Heap after GC invocations=9 (full 0):
 garbage-first heap   total 262144K, used 41459K [0x0000000080000000, 0x0000000100000000)
  region size 1024K, 15 young (15360K), 15 survivors (15360K)
 Metaspace       used 51624K, capacity 53015K, committed 53120K, reserved 1095680K
  class space    used 6563K, capacity 7024K, committed 7040K, reserved 1048576K
}
Event: 32.059 GC heap before
{Heap before GC invocations=9 (full 0):
 garbage-first heap   total 262144K, used 84467K [0x0000000080000000, 0x0000000100000000)
  region size 1024K, 58 young (59392K), 15 survivors (15360K)
 Metaspace       used 58582K, capacity 59997K, committed 60160K, reserved 1101824K
  class space    used 7412K, capacity 7960K, committed 8064K, reserved 1048576K
}
Event: 32.136 GC heap after
{Heap after GC invocations=10 (full 0):
 garbage-first heap   total 262144K, used 44838K [0x0000000080000000, 0x0000000100000000)
  region size 1024K, 13 young (13312K), 13 survivors (13312K)
 Metaspace       used 58582K, capacity 59997K, committed 60160K, reserved 1101824K
  class space    used 7412K, capacity 7960K, committed 8064K, reserved 1048576K
}
Event: 35.767 GC heap before
{Heap before GC invocations=11 (full 0):
 garbage-first heap   total 262144K, used 129830K [0x0000000080000000, 0x0000000100000000)
  region size 1024K, 96 young (98304K), 13 survivors (13312K)
 Metaspace       used 63511K, capacity 65082K, committed 65280K, reserved 1105920K
  class space    used 8070K, capacity 8640K, committed 8704K, reserved 1048576K
}
Event: 35.900 GC heap after
{Heap after GC invocations=12 (full 0):
 garbage-first heap   total 262144K, used 51627K [0x0000000080000000, 0x0000000100000000)
  region size 1024K, 10 young (10240K), 10 survivors (10240K)
 Metaspace       used 63511K, capacity 65082K, committed 65280K, reserved 1105920K
  class space    used 8070K, capacity 8640K, committed 8704K, reserved 1048576K
}
Event: 42.359 GC heap before
{Heap before GC invocations=13 (full 0):
 garbage-first heap   total 262144K, used 159147K [0x0000000080000000, 0x0000000100000000)
  region size 1024K, 115 young (117760K), 10 survivors (10240K)
 Metaspace       used 73891K, capacity 75623K, committed 75904K, reserved 1114112K
  class space    used 9624K, capacity 10257K, committed 10368K, reserved 1048576K
}
Event: 42.424 GC heap after
{Heap after GC invocations=14 (full 0):
 garbage-first heap   total 262144K, used 58725K [0x0000000080000000, 0x0000000100000000)
  region size 1024K, 14 young (14336K), 14 survivors (14336K)
 Metaspace       used 73891K, capacity 75623K, committed 75904K, reserved 1114112K
  class space    used 9624K, capacity 10257K, committed 10368K, reserved 1048576K
}
Event: 48.718 GC heap before
{Heap before GC invocations=14 (full 0):
 garbage-first heap   total 262144K, used 169317K [0x0000000080000000, 0x0000000100000000)
  region size 1024K, 123 young (125952K), 14 survivors (14336K)
 Metaspace       used 79339K, capacity 81402K, committed 81536K, reserved 1120256K
  class space    used 10336K, capacity 11065K, committed 11136K, reserved 1048576K
}
Event: 48.811 GC heap after
{Heap after GC invocations=15 (full 0):
 garbage-first heap   total 262144K, used 67698K [0x0000000080000000, 0x0000000100000000)
  region size 1024K, 16 young (16384K), 16 survivors (16384K)
 Metaspace       used 79339K, capacity 81402K, committed 81536K, reserved 1120256K
  class space    used 10336K, capacity 11065K, committed 11136K, reserved 1048576K
}
Event: 55.670 GC heap before
{Heap before GC invocations=15 (full 0):
 garbage-first heap   total 262144K, used 178290K [0x0000000080000000, 0x0000000100000000)
  region size 1024K, 125 young (128000K), 16 survivors (16384K)
 Metaspace       used 80334K, capacity 82511K, committed 82688K, reserved 1120256K
  class space    used 10405K, capacity 11190K, committed 11264K, reserved 1048576K
}

