# JRE version: OpenJDK Runtime Environment (11.0.10) (build 11.0.10+0-b96-7249189)
# Java VM: OpenJDK 64-Bit Server VM (11.0.10+0-b96-7249189, mixed mode, tiered, compressed oops, g1 gc, windows-amd64)
Heap:
 garbage-first heap   total 443392K, used 202616K [0x0000000080000000, 0x0000000100000000)
  region size 1024K, 7 young (7168K), 7 survivors (7168K)
 Metaspace       used 118028K, capacity 121058K, committed 121420K, reserved 1155072K
  class space    used 14702K, capacity 15821K, committed 16000K, reserved 1048576K
GC Heap History (20 events):
Event: 9814.025 GC heap after
{Heap after GC invocations=51 (full 0):
 garbage-first heap   total 327680K, used 161280K [0x0000000080000000, 0x0000000100000000)
  region size 1024K, 4 young (4096K), 4 survivors (4096K)
 Metaspace       used 117405K, capacity 120440K, committed 120908K, reserved 1155072K
  class space    used 14680K, capacity 15789K, committed 16000K, reserved 1048576K
}
Event: 9814.794 GC heap before
{Heap before GC invocations=51 (full 0):
 garbage-first heap   total 327680K, used 184832K [0x0000000080000000, 0x0000000100000000)
  region size 1024K, 27 young (27648K), 4 survivors (4096K)
 Metaspace       used 117410K, capacity 120443K, committed 120908K, reserved 1155072K
  class space    used 14680K, capacity 15789K, committed 16000K, reserved 1048576K
}
Event: 9814.853 GC heap after
{Heap after GC invocations=52 (full 0):
 garbage-first heap   total 327680K, used 165576K [0x0000000080000000, 0x0000000100000000)
  region size 1024K, 4 young (4096K), 4 survivors (4096K)
 Metaspace       used 117410K, capacity 120443K, committed 120908K, reserved 1155072K
  class space    used 14680K, capacity 15789K, committed 16000K, reserved 1048576K
}
Event: 9817.550 GC heap before
{Heap before GC invocations=52 (full 0):
 garbage-first heap   total 327680K, used 200392K [0x0000000080000000, 0x0000000100000000)
  region size 1024K, 37 young (37888K), 4 survivors (4096K)
 Metaspace       used 117414K, capacity 120507K, committed 121164K, reserved 1155072K
  class space    used 14680K, capacity 15789K, committed 16000K, reserved 1048576K
}
Event: 9817.612 GC heap after
{Heap after GC invocations=53 (full 0):
 garbage-first heap   total 327680K, used 172357K [0x0000000080000000, 0x0000000100000000)
  region size 1024K, 5 young (5120K), 5 survivors (5120K)
 Metaspace       used 117414K, capacity 120507K, committed 121164K, reserved 1155072K
  class space    used 14680K, capacity 15789K, committed 16000K, reserved 1048576K
}
Event: 9819.093 GC heap before
{Heap before GC invocations=53 (full 0):
 garbage-first heap   total 327680K, used 216389K [0x0000000080000000, 0x0000000100000000)
  region size 1024K, 39 young (39936K), 5 survivors (5120K)
 Metaspace       used 117417K, capacity 120507K, committed 121164K, reserved 1155072K
  class space    used 14680K, capacity 15789K, committed 16000K, reserved 1048576K
}
Event: 9819.184 GC heap after
{Heap after GC invocations=54 (full 0):
 garbage-first heap   total 327680K, used 184439K [0x0000000080000000, 0x0000000100000000)
  region size 1024K, 5 young (5120K), 5 survivors (5120K)
 Metaspace       used 117417K, capacity 120507K, committed 121164K, reserved 1155072K
  class space    used 14680K, capacity 15789K, committed 16000K, reserved 1048576K
}
Event: 9819.452 GC heap before
{Heap before GC invocations=54 (full 0):
 garbage-first heap   total 327680K, used 195703K [0x0000000080000000, 0x0000000100000000)
  region size 1024K, 18 young (18432K), 5 survivors (5120K)
 Metaspace       used 117417K, capacity 120507K, committed 121164K, reserved 1155072K
  class space    used 14680K, capacity 15789K, committed 16000K, reserved 1048576K
}
Event: 9819.492 GC heap after
{Heap after GC invocations=55 (full 0):
 garbage-first heap   total 327680K, used 187303K [0x0000000080000000, 0x0000000100000000)
  region size 1024K, 3 young (3072K), 3 survivors (3072K)
 Metaspace       used 117417K, capacity 120507K, committed 121164K, reserved 1155072K
  class space    used 14680K, capacity 15789K, committed 16000K, reserved 1048576K
}
Event: 9821.427 GC heap before
{Heap before GC invocations=55 (full 0):
 garbage-first heap   total 327680K, used 229287K [0x0000000080000000, 0x0000000100000000)
  region size 1024K, 49 young (50176K), 3 survivors (3072K)
 Metaspace       used 117384K, capacity 120453K, committed 121164K, reserved 1155072K
  class space    used 14675K, capacity 15780K, committed 16000K, reserved 1048576K
}
Event: 9821.472 GC heap after
{Heap after GC invocations=56 (full 0):
 garbage-first heap   total 327680K, used 190738K [0x0000000080000000, 0x0000000100000000)
  region size 1024K, 7 young (7168K), 7 survivors (7168K)
 Metaspace       used 117384K, capacity 120453K, committed 121164K, reserved 1155072K
  class space    used 14675K, capacity 15780K, committed 16000K, reserved 1048576K
}
Event: 9822.719 GC heap before
{Heap before GC invocations=57 (full 0):
 garbage-first heap   total 327680K, used 249106K [0x0000000080000000, 0x0000000100000000)
  region size 1024K, 58 young (59392K), 7 survivors (7168K)
 Metaspace       used 117420K, capacity 120453K, committed 121164K, reserved 1155072K
  class space    used 14676K, capacity 15780K, committed 16000K, reserved 1048576K
}
Event: 9822.772 GC heap after
{Heap after GC invocations=58 (full 0):
 garbage-first heap   total 327680K, used 202029K [0x0000000080000000, 0x0000000100000000)
  region size 1024K, 4 young (4096K), 4 survivors (4096K)
 Metaspace       used 117420K, capacity 120453K, committed 121164K, reserved 1155072K
  class space    used 14676K, capacity 15780K, committed 16000K, reserved 1048576K
}
Event: 9823.378 GC heap before
{Heap before GC invocations=58 (full 0):
 garbage-first heap   total 327680K, used 214317K [0x0000000080000000, 0x0000000100000000)
  region size 1024K, 16 young (16384K), 4 survivors (4096K)
 Metaspace       used 117465K, capacity 120532K, committed 121164K, reserved 1155072K
  class space    used 14680K, capacity 15785K, committed 16000K, reserved 1048576K
}
Event: 9823.494 GC heap after
{Heap after GC invocations=59 (full 0):
 garbage-first heap   total 327680K, used 184002K [0x0000000080000000, 0x0000000100000000)
  region size 1024K, 1 young (1024K), 1 survivors (1024K)
 Metaspace       used 117465K, capacity 120532K, committed 121164K, reserved 1155072K
  class space    used 14680K, capacity 15785K, committed 16000K, reserved 1048576K
}
Event: 9825.885 GC heap before
{Heap before GC invocations=59 (full 0):
 garbage-first heap   total 327680K, used 200386K [0x0000000080000000, 0x0000000100000000)
  region size 1024K, 16 young (16384K), 1 survivors (1024K)
 Metaspace       used 117504K, capacity 120596K, committed 121164K, reserved 1155072K
  class space    used 14680K, capacity 15785K, committed 16000K, reserved 1048576K
}
Event: 9825.954 GC heap after
{Heap after GC invocations=60 (full 0):
 garbage-first heap   total 327680K, used 188416K [0x0000000080000000, 0x0000000100000000)
  region size 1024K, 2 young (2048K), 2 survivors (2048K)
 Metaspace       used 117504K, capacity 120596K, committed 121164K, reserved 1155072K
  class space    used 14680K, capacity 15785K, committed 16000K, reserved 1048576K
}
Event: 9831.851 GC heap before
{Heap before GC invocations=60 (full 0):
 garbage-first heap   total 327680K, used 244736K [0x0000000080000000, 0x0000000100000000)
  region size 1024K, 57 young (58368K), 2 survivors (2048K)
 Metaspace       used 117827K, capacity 120872K, committed 121420K, reserved 1155072K
  class space    used 14681K, capacity 15785K, committed 16000K, reserved 1048576K
}
Event: 9831.914 GC heap after
{Heap after GC invocations=61 (full 0):
 garbage-first heap   total 327680K, used 197632K [0x0000000080000000, 0x0000000100000000)
  region size 1024K, 8 young (8192K), 8 survivors (8192K)
 Metaspace       used 117827K, capacity 120872K, committed 121420K, reserved 1155072K
  class space    used 14681K, capacity 15785K, committed 16000K, reserved 1048576K
}
Event: 9834.638 GC heap before
{Heap before GC invocations=61 (full 0):
 garbage-first heap   total 327680K, used 251904K [0x0000000080000000, 0x0000000100000000)
  region size 1024K, 62 young (63488K), 8 survivors (8192K)
 Metaspace       used 118028K, capacity 121058K, committed 121420K, reserved 1155072K
  class space    used 14702K, capacity 15821K, committed 16000K, reserved 1048576K
}

