# JRE version: OpenJDK Runtime Environment (11.0.10) (build 11.0.10+0-b96-7249189)
# Java VM: OpenJDK 64-Bit Server VM (11.0.10+0-b96-7249189, mixed mode, tiered, compressed oops, g1 gc, windows-amd64)
Heap:
 garbage-first heap   total 262144K, used 128538K [0x0000000080000000, 0x0000000100000000)
  region size 1024K, 108 young (110592K), 12 survivors (12288K)
 Metaspace       used 54068K, capacity 55440K, committed 55676K, reserved 1097728K
  class space    used 6839K, capacity 7360K, committed 7424K, reserved 1048576K
GC Heap History (16 events):
Event: 3.144 GC heap before
{Heap before GC invocations=0 (full 0):
 garbage-first heap   total 262144K, used 19456K [0x0000000080000000, 0x0000000100000000)
  region size 1024K, 14 young (14336K), 0 survivors (0K)
 Metaspace       used 6765K, capacity 6937K, committed 7168K, reserved 1056768K
  class space    used 583K, capacity 650K, committed 768K, reserved 1048576K
}
Event: 3.162 GC heap after
{Heap after GC invocations=1 (full 0):
 garbage-first heap   total 262144K, used 7917K [0x0000000080000000, 0x0000000100000000)
  region size 1024K, 2 young (2048K), 2 survivors (2048K)
 Metaspace       used 6765K, capacity 6937K, committed 7168K, reserved 1056768K
  class space    used 583K, capacity 650K, committed 768K, reserved 1048576K
}
Event: 4.668 GC heap before
{Heap before GC invocations=1 (full 0):
 garbage-first heap   total 262144K, used 19181K [0x0000000080000000, 0x0000000100000000)
  region size 1024K, 13 young (13312K), 2 survivors (2048K)
 Metaspace       used 10236K, capacity 10501K, committed 10624K, reserved 1058816K
  class space    used 1063K, capacity 1139K, committed 1152K, reserved 1048576K
}
Event: 4.676 GC heap after
{Heap after GC invocations=2 (full 0):
 garbage-first heap   total 262144K, used 9369K [0x0000000080000000, 0x0000000100000000)
  region size 1024K, 2 young (2048K), 2 survivors (2048K)
 Metaspace       used 10236K, capacity 10501K, committed 10624K, reserved 1058816K
  class space    used 1063K, capacity 1139K, committed 1152K, reserved 1048576K
}
Event: 7.140 GC heap before
{Heap before GC invocations=2 (full 0):
 garbage-first heap   total 262144K, used 37017K [0x0000000080000000, 0x0000000100000000)
  region size 1024K, 28 young (28672K), 2 survivors (2048K)
 Metaspace       used 11156K, capacity 11454K, committed 11520K, reserved 1058816K
  class space    used 1165K, capacity 1243K, committed 1280K, reserved 1048576K
}
Event: 7.149 GC heap after
{Heap after GC invocations=3 (full 0):
 garbage-first heap   total 262144K, used 11586K [0x0000000080000000, 0x0000000100000000)
  region size 1024K, 3 young (3072K), 3 survivors (3072K)
 Metaspace       used 11156K, capacity 11454K, committed 11520K, reserved 1058816K
  class space    used 1165K, capacity 1243K, committed 1280K, reserved 1048576K
}
Event: 15.032 GC heap before
{Heap before GC invocations=3 (full 0):
 garbage-first heap   total 262144K, used 67906K [0x0000000080000000, 0x0000000100000000)
  region size 1024K, 59 young (60416K), 3 survivors (3072K)
 Metaspace       used 19138K, capacity 19598K, committed 19968K, reserved 1067008K
  class space    used 2313K, capacity 2438K, committed 2560K, reserved 1048576K
}
Event: 15.053 GC heap after
{Heap after GC invocations=4 (full 0):
 garbage-first heap   total 262144K, used 16252K [0x0000000080000000, 0x0000000100000000)
  region size 1024K, 8 young (8192K), 8 survivors (8192K)
 Metaspace       used 19138K, capacity 19598K, committed 19968K, reserved 1067008K
  class space    used 2313K, capacity 2438K, committed 2560K, reserved 1048576K
}
Event: 15.852 GC heap before
{Heap before GC invocations=4 (full 0):
 garbage-first heap   total 262144K, used 27516K [0x0000000080000000, 0x0000000100000000)
  region size 1024K, 20 young (20480K), 8 survivors (8192K)
 Metaspace       used 20552K, capacity 21136K, committed 21296K, reserved 1069056K
  class space    used 2502K, capacity 2658K, committed 2688K, reserved 1048576K
}
Event: 15.877 GC heap after
{Heap after GC invocations=5 (full 0):
 garbage-first heap   total 262144K, used 16822K [0x0000000080000000, 0x0000000100000000)
  region size 1024K, 1 young (1024K), 1 survivors (1024K)
 Metaspace       used 20552K, capacity 21136K, committed 21296K, reserved 1069056K
  class space    used 2502K, capacity 2658K, committed 2688K, reserved 1048576K
}
Event: 20.037 GC heap before
{Heap before GC invocations=6 (full 0):
 garbage-first heap   total 262144K, used 68022K [0x0000000080000000, 0x0000000100000000)
  region size 1024K, 51 young (52224K), 1 survivors (1024K)
 Metaspace       used 25851K, capacity 26564K, committed 26928K, reserved 1073152K
  class space    used 3366K, capacity 3600K, committed 3712K, reserved 1048576K
}
Event: 20.049 GC heap after
{Heap after GC invocations=7 (full 0):
 garbage-first heap   total 262144K, used 18256K [0x0000000080000000, 0x0000000100000000)
  region size 1024K, 3 young (3072K), 3 survivors (3072K)
 Metaspace       used 25851K, capacity 26564K, committed 26928K, reserved 1073152K
  class space    used 3366K, capacity 3600K, committed 3712K, reserved 1048576K
}
Event: 25.047 GC heap before
{Heap before GC invocations=7 (full 0):
 garbage-first heap   total 262144K, used 76624K [0x0000000080000000, 0x0000000100000000)
  region size 1024K, 61 young (62464K), 3 survivors (3072K)
 Metaspace       used 34848K, capacity 35647K, committed 35708K, reserved 1081344K
  class space    used 4538K, capacity 4864K, committed 4864K, reserved 1048576K
}
Event: 25.076 GC heap after
{Heap after GC invocations=8 (full 0):
 garbage-first heap   total 262144K, used 21725K [0x0000000080000000, 0x0000000100000000)
  region size 1024K, 6 young (6144K), 6 survivors (6144K)
 Metaspace       used 34848K, capacity 35647K, committed 35708K, reserved 1081344K
  class space    used 4538K, capacity 4864K, committed 4864K, reserved 1048576K
}
Event: 37.083 GC heap before
{Heap before GC invocations=9 (full 0):
 garbage-first heap   total 262144K, used 148701K [0x0000000080000000, 0x0000000100000000)
  region size 1024K, 127 young (130048K), 6 survivors (6144K)
 Metaspace       used 45336K, capacity 46497K, committed 46588K, reserved 1089536K
  class space    used 5818K, capacity 6253K, committed 6272K, reserved 1048576K
}
Event: 37.140 GC heap after
{Heap after GC invocations=10 (full 0):
 garbage-first heap   total 262144K, used 28186K [0x0000000080000000, 0x0000000100000000)
  region size 1024K, 12 young (12288K), 12 survivors (12288K)
 Metaspace       used 45336K, capacity 46497K, committed 46588K, reserved 1089536K
  class space    used 5818K, capacity 6253K, committed 6272K, reserved 1048576K
}

