# JRE version: OpenJDK Runtime Environment (11.0.10) (build 11.0.10+0-b96-7249189)
# Java VM: OpenJDK 64-Bit Server VM (11.0.10+0-b96-7249189, mixed mode, tiered, compressed oops, g1 gc, windows-amd64)
Heap:
 garbage-first heap   total 262144K, used 206667K [0x0000000080000000, 0x0000000100000000)
  region size 1024K, 113 young (115712K), 5 survivors (5120K)
 Metaspace       used 118448K, capacity 121902K, committed 122216K, reserved 1155072K
  class space    used 14835K, capacity 16141K, committed 16204K, reserved 1048576K
GC Heap History (20 events):
Event: 98.262 GC heap before
{Heap before GC invocations=13 (full 0):
 garbage-first heap   total 262144K, used 71680K [0x0000000080000000, 0x0000000100000000)
  region size 1024K, 31 young (31744K), 10 survivors (10240K)
 Metaspace       used 70612K, capacity 72304K, committed 72444K, reserved 1112064K
  class space    used 9148K, capacity 9733K, committed 9856K, reserved 1048576K
}
Event: 98.402 GC heap after
{Heap after GC invocations=14 (full 0):
 garbage-first heap   total 262144K, used 53760K [0x0000000080000000, 0x0000000100000000)
  region size 1024K, 2 young (2048K), 2 survivors (2048K)
 Metaspace       used 70612K, capacity 72304K, committed 72444K, reserved 1112064K
  class space    used 9148K, capacity 9733K, committed 9856K, reserved 1048576K
}
Event: 114.698 GC heap before
{Heap before GC invocations=15 (full 0):
 garbage-first heap   total 262144K, used 151040K [0x0000000080000000, 0x0000000100000000)
  region size 1024K, 98 young (100352K), 2 survivors (2048K)
 Metaspace       used 78589K, capacity 80564K, committed 80744K, reserved 1120256K
  class space    used 10272K, capacity 11011K, committed 11084K, reserved 1048576K
}
Event: 114.783 GC heap after
{Heap after GC invocations=16 (full 0):
 garbage-first heap   total 262144K, used 59532K [0x0000000080000000, 0x0000000100000000)
  region size 1024K, 8 young (8192K), 8 survivors (8192K)
 Metaspace       used 78589K, capacity 80564K, committed 80744K, reserved 1120256K
  class space    used 10272K, capacity 11011K, committed 11084K, reserved 1048576K
}
Event: 137.459 GC heap before
{Heap before GC invocations=17 (full 0):
 garbage-first heap   total 262144K, used 146572K [0x0000000080000000, 0x0000000100000000)
  region size 1024K, 94 young (96256K), 8 survivors (8192K)
 Metaspace       used 82937K, capacity 85116K, committed 85352K, reserved 1124352K
  class space    used 10757K, capacity 11514K, committed 11596K, reserved 1048576K
}
Event: 137.548 GC heap after
{Heap after GC invocations=18 (full 0):
 garbage-first heap   total 262144K, used 68196K [0x0000000080000000, 0x0000000100000000)
  region size 1024K, 9 young (9216K), 9 survivors (9216K)
 Metaspace       used 82937K, capacity 85116K, committed 85352K, reserved 1124352K
  class space    used 10757K, capacity 11514K, committed 11596K, reserved 1048576K
}
Event: 171.230 GC heap before
{Heap before GC invocations=18 (full 0):
 garbage-first heap   total 262144K, used 173668K [0x0000000080000000, 0x0000000100000000)
  region size 1024K, 111 young (113664K), 9 survivors (9216K)
 Metaspace       used 90874K, capacity 93266K, committed 93416K, reserved 1130496K
  class space    used 11586K, capacity 12440K, committed 12492K, reserved 1048576K
}
Event: 171.282 GC heap after
{Heap after GC invocations=19 (full 0):
 garbage-first heap   total 262144K, used 72321K [0x0000000080000000, 0x0000000100000000)
  region size 1024K, 3 young (3072K), 3 survivors (3072K)
 Metaspace       used 90874K, capacity 93266K, committed 93416K, reserved 1130496K
  class space    used 11586K, capacity 12440K, committed 12492K, reserved 1048576K
}
Event: 189.675 GC heap before
{Heap before GC invocations=19 (full 0):
 garbage-first heap   total 262144K, used 179841K [0x0000000080000000, 0x0000000100000000)
  region size 1024K, 109 young (111616K), 3 survivors (3072K)
 Metaspace       used 101731K, capacity 104522K, committed 104808K, reserved 1140736K
  class space    used 13223K, capacity 14310K, committed 14412K, reserved 1048576K
}
Event: 189.709 GC heap after
{Heap after GC invocations=20 (full 0):
 garbage-first heap   total 262144K, used 73458K [0x0000000080000000, 0x0000000100000000)
  region size 1024K, 6 young (6144K), 6 survivors (6144K)
 Metaspace       used 101731K, capacity 104522K, committed 104808K, reserved 1140736K
  class space    used 13223K, capacity 14310K, committed 14412K, reserved 1048576K
}
Event: 198.798 GC heap before
{Heap before GC invocations=20 (full 0):
 garbage-first heap   total 262144K, used 187122K [0x0000000080000000, 0x0000000100000000)
  region size 1024K, 118 young (120832K), 6 survivors (6144K)
 Metaspace       used 108269K, capacity 111358K, committed 111592K, reserved 1146880K
  class space    used 14086K, capacity 15268K, committed 15308K, reserved 1048576K
}
Event: 198.828 GC heap after
{Heap after GC invocations=21 (full 0):
 garbage-first heap   total 262144K, used 74115K [0x0000000080000000, 0x0000000100000000)
  region size 1024K, 7 young (7168K), 7 survivors (7168K)
 Metaspace       used 108269K, capacity 111358K, committed 111592K, reserved 1146880K
  class space    used 14086K, capacity 15268K, committed 15308K, reserved 1048576K
}
Event: 2387.207 GC heap before
{Heap before GC invocations=21 (full 0):
 garbage-first heap   total 262144K, used 201091K [0x0000000080000000, 0x0000000100000000)
  region size 1024K, 123 young (125952K), 7 survivors (7168K)
 Metaspace       used 111449K, capacity 114749K, committed 115048K, reserved 1148928K
  class space    used 14362K, capacity 15627K, committed 15692K, reserved 1048576K
}
Event: 2387.273 GC heap after
{Heap after GC invocations=22 (full 0):
 garbage-first heap   total 262144K, used 87457K [0x0000000080000000, 0x0000000100000000)
  region size 1024K, 16 young (16384K), 16 survivors (16384K)
 Metaspace       used 111449K, capacity 114749K, committed 115048K, reserved 1148928K
  class space    used 14362K, capacity 15627K, committed 15692K, reserved 1048576K
}
Event: 2537.224 GC heap before
{Heap before GC invocations=22 (full 0):
 garbage-first heap   total 262144K, used 206241K [0x0000000080000000, 0x0000000100000000)
  region size 1024K, 125 young (128000K), 16 survivors (16384K)
 Metaspace       used 113248K, capacity 116579K, committed 116712K, reserved 1150976K
  class space    used 14450K, capacity 15717K, committed 15820K, reserved 1048576K
}
Event: 2537.346 GC heap after
{Heap after GC invocations=23 (full 0):
 garbage-first heap   total 262144K, used 89992K [0x0000000080000000, 0x0000000100000000)
  region size 1024K, 11 young (11264K), 11 survivors (11264K)
 Metaspace       used 113248K, capacity 116579K, committed 116712K, reserved 1150976K
  class space    used 14450K, capacity 15717K, committed 15820K, reserved 1048576K
}
Event: 2573.920 GC heap before
{Heap before GC invocations=23 (full 0):
 garbage-first heap   total 262144K, used 207752K [0x0000000080000000, 0x0000000100000000)
  region size 1024K, 117 young (119808K), 11 survivors (11264K)
 Metaspace       used 117121K, capacity 120560K, committed 120680K, reserved 1155072K
  class space    used 14794K, capacity 16092K, committed 16204K, reserved 1048576K
}
Event: 2573.958 GC heap after
{Heap after GC invocations=24 (full 0):
 garbage-first heap   total 262144K, used 91151K [0x0000000080000000, 0x0000000100000000)
  region size 1024K, 6 young (6144K), 6 survivors (6144K)
 Metaspace       used 117121K, capacity 120560K, committed 120680K, reserved 1155072K
  class space    used 14794K, capacity 16092K, committed 16204K, reserved 1048576K
}
Event: 3015.969 GC heap before
{Heap before GC invocations=24 (full 0):
 garbage-first heap   total 262144K, used 208911K [0x0000000080000000, 0x0000000100000000)
  region size 1024K, 115 young (117760K), 6 survivors (6144K)
 Metaspace       used 118004K, capacity 121499K, committed 121704K, reserved 1155072K
  class space    used 14828K, capacity 16129K, committed 16204K, reserved 1048576K
}
Event: 3016.013 GC heap after
{Heap after GC invocations=25 (full 0):
 garbage-first heap   total 262144K, used 88907K [0x0000000080000000, 0x0000000100000000)
  region size 1024K, 5 young (5120K), 5 survivors (5120K)
 Metaspace       used 118004K, capacity 121499K, committed 121704K, reserved 1155072K
  class space    used 14828K, capacity 16129K, committed 16204K, reserved 1048576K
}

